<?xml version="1.0" encoding="UTF-8"?>
<coverage generated="1744538264848" clover="3.2.0">
  <project timestamp="1744538264848" name="All files">
    <metrics statements="23" coveredstatements="23" conditionals="26" coveredconditionals="26" methods="6" coveredmethods="6" elements="55" coveredelements="55" complexity="0" loc="23" ncloc="23" packages="1" files="1" classes="1"/>
    <file name="calculator.js" path="/Users/jam/Desktop/LEARNIT/CICD/calculator/src/calculator.js">
      <metrics statements="23" coveredstatements="23" conditionals="26" coveredconditionals="26" methods="6" coveredmethods="6"/>
      <line num="3" count="6" type="cond" truecount="4" falsecount="0"/>
      <line num="4" count="1" type="stmt"/>
      <line num="6" count="5" type="stmt"/>
      <line num="10" count="5" type="cond" truecount="4" falsecount="0"/>
      <line num="11" count="1" type="stmt"/>
      <line num="13" count="4" type="stmt"/>
      <line num="17" count="5" type="cond" truecount="4" falsecount="0"/>
      <line num="18" count="1" type="stmt"/>
      <line num="20" count="4" type="stmt"/>
      <line num="24" count="7" type="cond" truecount="4" falsecount="0"/>
      <line num="25" count="1" type="stmt"/>
      <line num="27" count="6" type="cond" truecount="2" falsecount="0"/>
      <line num="28" count="2" type="stmt"/>
      <line num="30" count="4" type="stmt"/>
      <line num="34" count="4" type="cond" truecount="4" falsecount="0"/>
      <line num="35" count="1" type="stmt"/>
      <line num="37" count="3" type="stmt"/>
      <line num="41" count="3" type="cond" truecount="2" falsecount="0"/>
      <line num="42" count="1" type="stmt"/>
      <line num="44" count="2" type="cond" truecount="2" falsecount="0"/>
      <line num="45" count="1" type="stmt"/>
      <line num="47" count="1" type="stmt"/>
      <line num="51" count="2" type="stmt"/>
    </file>
  </project>
</coverage>
