TN:
SF:src/calculator.js
FN:2,(anonymous_0)
FN:9,(anonymous_1)
FN:16,(anonymous_2)
FN:23,(anonymous_3)
FN:33,(anonymous_4)
FN:40,(anonymous_5)
FNF:6
FNH:6
FNDA:6,(anonymous_0)
FNDA:5,(anonymous_1)
FNDA:5,(anonymous_2)
FNDA:7,(anonymous_3)
FNDA:4,(anonymous_4)
FNDA:3,(anonymous_5)
DA:3,6
DA:4,1
DA:6,5
DA:10,5
DA:11,1
DA:13,4
DA:17,5
DA:18,1
DA:20,4
DA:24,7
DA:25,1
DA:27,6
DA:28,2
DA:30,4
DA:34,4
DA:35,1
DA:37,3
DA:41,3
DA:42,1
DA:44,2
DA:45,1
DA:47,1
DA:51,2
LF:23
LH:23
BRDA:3,0,0,1
BRDA:3,0,1,5
BRDA:3,1,0,6
BRDA:3,1,1,5
BRDA:10,2,0,1
BRDA:10,2,1,4
BRDA:10,3,0,5
BRDA:10,3,1,4
BRDA:17,4,0,1
BRDA:17,4,1,4
BRDA:17,5,0,5
BRDA:17,5,1,4
BRDA:24,6,0,1
BRDA:24,6,1,6
BRDA:24,7,0,7
BRDA:24,7,1,6
BRDA:27,8,0,2
BRDA:27,8,1,4
BRDA:34,9,0,1
BRDA:34,9,1,3
BRDA:34,10,0,4
BRDA:34,10,1,3
BRDA:41,11,0,1
BRDA:41,11,1,2
BRDA:44,12,0,1
BRDA:44,12,1,1
BRF:26
BRH:26
end_of_record
